<?xml version="1.0" encoding="UTF-8"?>
<!-- Generated by org.testng.reporters.JUnitReportReporter -->
<testsuite hostname="PSDLAP385" failures="0" tests="7" name="test.ContactUsTabTest" time="1.366" errors="1" timestamp="2024-12-20T15:55:53 IST" skipped="6">
  <testcase classname="test.ContactUsTabTest" name="setup" time="1.366">
    <error type="java.lang.NullPointerException">
      <![CDATA[java.lang.NullPointerException
at java.base/java.util.Objects.requireNonNull(Objects.java:220)
at java.base/java.util.ImmutableCollections$Map1.<init>(ImmutableCollections.java:1114)
at java.base/java.util.Map.of(Map.java:1364)
at org.openqa.selenium.remote.DriverCommand.GET(DriverCommand.java:180)
at org.openqa.selenium.remote.RemoteWebDriver.get(RemoteWebDriver.java:302)
at helper.BaseTest.setup(BaseTest.java:32)
at java.base/jdk.internal.reflect.DirectMethodHandleAccessor.invoke(DirectMethodHandleAccessor.java:103)
at java.base/java.lang.reflect.Method.invoke(Method.java:580)
at org.testng.internal.MethodInvocationHelper.invokeMethod(MethodInvocationHelper.java:133)
at org.testng.internal.MethodInvocationHelper.invokeMethodConsideringTimeout(MethodInvocationHelper.java:62)
at org.testng.internal.ConfigInvoker.invokeConfigurationMethod(ConfigInvoker.java:385)
at org.testng.internal.ConfigInvoker.invokeConfigurations(ConfigInvoker.java:321)
at org.testng.internal.TestInvoker.runConfigMethods(TestInvoker.java:700)
at org.testng.internal.TestInvoker.invokeMethod(TestInvoker.java:527)
at org.testng.internal.TestInvoker.invokeTestMethod(TestInvoker.java:173)
at org.testng.internal.MethodRunner.runInSequence(MethodRunner.java:46)
at org.testng.internal.TestInvoker$MethodInvocationAgent.invoke(TestInvoker.java:824)
at org.testng.internal.TestInvoker.invokeTestMethods(TestInvoker.java:146)
at org.testng.internal.TestMethodWorker.invokeTestMethods(TestMethodWorker.java:146)
at org.testng.internal.TestMethodWorker.run(TestMethodWorker.java:128)
at java.base/java.util.ArrayList.forEach(ArrayList.java:1597)
at org.testng.TestRunner.privateRun(TestRunner.java:794)
at org.testng.TestRunner.run(TestRunner.java:596)
at org.testng.SuiteRunner.runTest(SuiteRunner.java:377)
at org.testng.SuiteRunner.runSequentially(SuiteRunner.java:371)
at org.testng.SuiteRunner.privateRun(SuiteRunner.java:332)
at org.testng.SuiteRunner.run(SuiteRunner.java:276)
at org.testng.SuiteRunnerWorker.runSuite(SuiteRunnerWorker.java:53)
at org.testng.SuiteRunnerWorker.run(SuiteRunnerWorker.java:96)
at org.testng.TestNG.runSuitesSequentially(TestNG.java:1212)
at org.testng.TestNG.runSuitesLocally(TestNG.java:1134)
at org.testng.TestNG.runSuites(TestNG.java:1063)
at org.testng.TestNG.run(TestNG.java:1031)
at org.testng.remote.AbstractRemoteTestNG.run(AbstractRemoteTestNG.java:115)
at org.testng.remote.RemoteTestNG.initAndRun(RemoteTestNG.java:293)
at org.testng.remote.RemoteTestNG.main(RemoteTestNG.java:91)
]]>
    </error>
  </testcase> <!-- setup -->
  <system-out/>
  <testcase classname="test.ContactUsTabTest" name="Validate_ContactUs_Button_Click_TC_001" time="0.000">
    <skipped/>
  </testcase> <!-- Validate_ContactUs_Button_Click_TC_001 -->
  <system-out/>
  <testcase classname="test.ContactUsTabTest" name="Validate_Form_TC_002" time="0.000">
    <skipped/>
  </testcase> <!-- Validate_Form_TC_002 -->
  <system-out/>
  <testcase classname="test.ContactUsTabTest" name="Validate_JOIN_US_Button_click_TC_003" time="0.000">
    <skipped/>
  </testcase> <!-- Validate_JOIN_US_Button_click_TC_003 -->
  <system-out/>
  <testcase classname="test.ContactUsTabTest" name="Validate_SMS_OUTREACH_Button_click_TC_004" time="0.000">
    <skipped/>
  </testcase> <!-- Validate_SMS_OUTREACH_Button_click_TC_004 -->
  <system-out/>
  <testcase classname="test.ContactUsTabTest" name="Validate_SMS_OUTREACH_functionality_click_TC_005" time="0.000">
    <skipped/>
  </testcase> <!-- Validate_SMS_OUTREACH_functionality_click_TC_005 -->
  <system-out/>
  <testcase classname="test.ContactUsTabTest" name="Validate_LINKEDIN_Button_click_TC_006" time="0.000">
    <skipped/>
  </testcase> <!-- Validate_LINKEDIN_Button_click_TC_006 -->
  <system-out/>
</testsuite> <!-- test.ContactUsTabTest -->
