<?xml version="1.0" encoding="UTF-8"?>
<!-- Generated by org.testng.reporters.JUnitReportReporter -->
<testsuite hostname="PSDLAP385" failures="0" tests="60" name="test.CareersTabTest" time="2.411" errors="1" timestamp="2024-12-20T15:58:37 IST" skipped="59">
  <testcase classname="test.CareersTabTest" name="setup" time="2.410">
    <error type="java.lang.NullPointerException">
      <![CDATA[java.lang.NullPointerException
at java.base/java.util.Objects.requireNonNull(Objects.java:220)
at java.base/java.util.ImmutableCollections$Map1.<init>(ImmutableCollections.java:1114)
at java.base/java.util.Map.of(Map.java:1364)
at org.openqa.selenium.remote.DriverCommand.GET(DriverCommand.java:180)
at org.openqa.selenium.remote.RemoteWebDriver.get(RemoteWebDriver.java:302)
at helper.BaseTest.setup(BaseTest.java:32)
at java.base/jdk.internal.reflect.DirectMethodHandleAccessor.invoke(DirectMethodHandleAccessor.java:103)
at java.base/java.lang.reflect.Method.invoke(Method.java:580)
at org.testng.internal.MethodInvocationHelper.invokeMethod(MethodInvocationHelper.java:133)
at org.testng.internal.MethodInvocationHelper.invokeMethodConsideringTimeout(MethodInvocationHelper.java:62)
at org.testng.internal.ConfigInvoker.invokeConfigurationMethod(ConfigInvoker.java:385)
at org.testng.internal.ConfigInvoker.invokeConfigurations(ConfigInvoker.java:321)
at org.testng.internal.TestInvoker.runConfigMethods(TestInvoker.java:700)
at org.testng.internal.TestInvoker.invokeMethod(TestInvoker.java:527)
at org.testng.internal.TestInvoker.invokeTestMethod(TestInvoker.java:173)
at org.testng.internal.MethodRunner.runInSequence(MethodRunner.java:46)
at org.testng.internal.TestInvoker$MethodInvocationAgent.invoke(TestInvoker.java:824)
at org.testng.internal.TestInvoker.invokeTestMethods(TestInvoker.java:146)
at org.testng.internal.TestMethodWorker.invokeTestMethods(TestMethodWorker.java:146)
at org.testng.internal.TestMethodWorker.run(TestMethodWorker.java:128)
at java.base/java.util.ArrayList.forEach(ArrayList.java:1597)
at org.testng.TestRunner.privateRun(TestRunner.java:794)
at org.testng.TestRunner.run(TestRunner.java:596)
at org.testng.SuiteRunner.runTest(SuiteRunner.java:377)
at org.testng.SuiteRunner.runSequentially(SuiteRunner.java:371)
at org.testng.SuiteRunner.privateRun(SuiteRunner.java:332)
at org.testng.SuiteRunner.run(SuiteRunner.java:276)
at org.testng.SuiteRunnerWorker.runSuite(SuiteRunnerWorker.java:53)
at org.testng.SuiteRunnerWorker.run(SuiteRunnerWorker.java:96)
at org.testng.TestNG.runSuitesSequentially(TestNG.java:1212)
at org.testng.TestNG.runSuitesLocally(TestNG.java:1134)
at org.testng.TestNG.runSuites(TestNG.java:1063)
at org.testng.TestNG.run(TestNG.java:1031)
at org.testng.remote.AbstractRemoteTestNG.run(AbstractRemoteTestNG.java:115)
at org.testng.remote.RemoteTestNG.initAndRun(RemoteTestNG.java:293)
at org.testng.remote.RemoteTestNG.main(RemoteTestNG.java:91)
]]>
    </error>
  </testcase> <!-- setup -->
  <system-out/>
  <testcase classname="test.CareersTabTest" name="TC_001_Validate_Career_Button_Click_" time="0.001">
    <skipped/>
  </testcase> <!-- TC_001_Validate_Career_Button_Click_ -->
  <system-out/>
  <testcase classname="test.CareersTabTest" name="TC_002_Validate_currentOpenings_Button_Click_" time="0.000">
    <skipped/>
  </testcase> <!-- TC_002_Validate_currentOpenings_Button_Click_ -->
  <system-out/>
  <testcase classname="test.CareersTabTest" name="TC_003_Validate_joinus_Button_Click_" time="0.000">
    <skipped/>
  </testcase> <!-- TC_003_Validate_joinus_Button_Click_ -->
  <system-out/>
  <testcase classname="test.CareersTabTest" name="TC_004_Validate_joinus_Button_Click_" time="0.000">
    <skipped/>
  </testcase> <!-- TC_004_Validate_joinus_Button_Click_ -->
  <system-out/>
  <testcase classname="test.CareersTabTest" name="TC_005_Validate_knowmoreaboutus_Button_Click_" time="0.000">
    <skipped/>
  </testcase> <!-- TC_005_Validate_knowmoreaboutus_Button_Click_ -->
  <system-out/>
  <testcase classname="test.CareersTabTest" name="TC_006_Validate_moreaboutus_Button_Click_" time="0.000">
    <skipped/>
  </testcase> <!-- TC_006_Validate_moreaboutus_Button_Click_ -->
  <system-out/>
  <testcase classname="test.CareersTabTest" name="TC_007_Validate_getintouch_Button_Click_" time="0.000">
    <skipped/>
  </testcase> <!-- TC_007_Validate_getintouch_Button_Click_ -->
  <system-out/>
  <testcase classname="test.CareersTabTest" name="TC_008_Validate_videobtn_Button_Click_" time="0.000">
    <skipped/>
  </testcase> <!-- TC_008_Validate_videobtn_Button_Click_ -->
  <system-out/>
  <testcase classname="test.CareersTabTest" name="TC_009_Validate_contactus_Button_Click_" time="0.000">
    <skipped/>
  </testcase> <!-- TC_009_Validate_contactus_Button_Click_ -->
  <system-out/>
  <testcase classname="test.CareersTabTest" name="TC_010_Validate_contactuss_Button_Click_" time="0.000">
    <skipped/>
  </testcase> <!-- TC_010_Validate_contactuss_Button_Click_ -->
  <system-out/>
  <testcase classname="test.CareersTabTest" name="TC_011_Validate_more_Button_Click_" time="0.000">
    <skipped/>
  </testcase> <!-- TC_011_Validate_more_Button_Click_ -->
  <system-out/>
  <testcase classname="test.CareersTabTest" name="TC_0012_Validate_viewourjobopenings_Button_Click_" time="0.000">
    <skipped/>
  </testcase> <!-- TC_0012_Validate_viewourjobopenings_Button_Click_ -->
  <system-out/>
  <testcase classname="test.CareersTabTest" name="TC_0013_Validate_joinuscurrent_Button_Click_" time="0.000">
    <skipped/>
  </testcase> <!-- TC_0013_Validate_joinuscurrent_Button_Click_ -->
  <system-out/>
  <testcase classname="test.CareersTabTest" name="TC_0014_Validate_Qualityengineeringlead_Button_Click_" time="0.000">
    <skipped/>
  </testcase> <!-- TC_0014_Validate_Qualityengineeringlead_Button_Click_ -->
  <system-out/>
  <testcase classname="test.CareersTabTest" name="TC_0015_Validate_QualityengineeringleadAN_Button_Click_" time="0.000">
    <skipped/>
  </testcase> <!-- TC_0015_Validate_QualityengineeringleadAN_Button_Click_ -->
  <system-out/>
  <testcase classname="test.CareersTabTest" name="TC_0016_Validate_Qualityengineeringlead2_Button_Click_" time="0.000">
    <skipped/>
  </testcase> <!-- TC_0016_Validate_Qualityengineeringlead2_Button_Click_ -->
  <system-out/>
  <testcase classname="test.CareersTabTest" name="TC_0017_Validate_Qualityengineeringlead2AN_Button_Click_" time="0.000">
    <skipped/>
  </testcase> <!-- TC_0017_Validate_Qualityengineeringlead2AN_Button_Click_ -->
  <system-out/>
  <testcase classname="test.CareersTabTest" name="TC_0018_Validate_QualityengineeringleadSTE_Button_Click_" time="0.000">
    <skipped/>
  </testcase> <!-- TC_0018_Validate_QualityengineeringleadSTE_Button_Click_ -->
  <system-out/>
  <testcase classname="test.CareersTabTest" name="TC_0019_Validate_QualityengineeringleadSTEAN_Button_Click_" time="0.000">
    <skipped/>
  </testcase> <!-- TC_0019_Validate_QualityengineeringleadSTEAN_Button_Click_ -->
  <system-out/>
  <testcase classname="test.CareersTabTest" name="TC_0020_Validate_clickSeniorQEDataTesting_Button_Click_" time="0.000">
    <skipped/>
  </testcase> <!-- TC_0020_Validate_clickSeniorQEDataTesting_Button_Click_ -->
  <system-out/>
  <testcase classname="test.CareersTabTest" name="TC_0021_Validate_clickSeniorQEDataTestingAN_Button_Click_" time="0.000">
    <skipped/>
  </testcase> <!-- TC_0021_Validate_clickSeniorQEDataTestingAN_Button_Click_ -->
  <system-out/>
  <testcase classname="test.CareersTabTest" name="TC_0022_Validate_QELead_Button_Click_" time="0.000">
    <skipped/>
  </testcase> <!-- TC_0022_Validate_QELead_Button_Click_ -->
  <system-out/>
  <testcase classname="test.CareersTabTest" name="TC_0023_Validate_QELeadAN_Button_Click_" time="0.000">
    <skipped/>
  </testcase> <!-- TC_0023_Validate_QELeadAN_Button_Click_ -->
  <system-out/>
  <testcase classname="test.CareersTabTest" name="TC_0024_Validate_SAPSDFunctionalConsultant_Button_Click_" time="0.000">
    <skipped/>
  </testcase> <!-- TC_0024_Validate_SAPSDFunctionalConsultant_Button_Click_ -->
  <system-out/>
  <testcase classname="test.CareersTabTest" name="TC_0025_Validate_SAPSDFunctionalConsultantAN_Button_Click_" time="0.000">
    <skipped/>
  </testcase> <!-- TC_0025_Validate_SAPSDFunctionalConsultantAN_Button_Click_ -->
  <system-out/>
  <testcase classname="test.CareersTabTest" name="TC_0026_Validate_SeniorNet_Button_Click_" time="0.000">
    <skipped/>
  </testcase> <!-- TC_0026_Validate_SeniorNet_Button_Click_ -->
  <system-out/>
  <testcase classname="test.CareersTabTest" name="TC_0027_Validate_SeniorNetAN_Button_Click_" time="0.000">
    <skipped/>
  </testcase> <!-- TC_0027_Validate_SeniorNetAN_Button_Click_ -->
  <system-out/>
  <testcase classname="test.CareersTabTest" name="TC_0028_Validate_QELeadArchitectIndia_Button_Click_" time="0.000">
    <skipped/>
  </testcase> <!-- TC_0028_Validate_QELeadArchitectIndia_Button_Click_ -->
  <system-out/>
  <testcase classname="test.CareersTabTest" name="TC_0029_Validate_QELeadArchitectIndiaAN_Button_Click_" time="0.000">
    <skipped/>
  </testcase> <!-- TC_0029_Validate_QELeadArchitectIndiaAN_Button_Click_ -->
  <system-out/>
  <testcase classname="test.CareersTabTest" name="TC_0030_Validate_PerformanceTesterIndia_Button_Click_" time="0.000">
    <skipped/>
  </testcase> <!-- TC_0030_Validate_PerformanceTesterIndia_Button_Click_ -->
  <system-out/>
  <testcase classname="test.CareersTabTest" name="TC_0031_PerformanceTesterIndiaAN_Button_Click_" time="0.000">
    <skipped/>
  </testcase> <!-- TC_0031_PerformanceTesterIndiaAN_Button_Click_ -->
  <system-out/>
  <testcase classname="test.CareersTabTest" name="TC_0032_DataSciMLEngIndia_Button_Click_" time="0.000">
    <skipped/>
  </testcase> <!-- TC_0032_DataSciMLEngIndia_Button_Click_ -->
  <system-out/>
  <testcase classname="test.CareersTabTest" name="TC_0033_DataSciMLEngIndiaAN_Button_Click_" time="0.000">
    <skipped/>
  </testcase> <!-- TC_0033_DataSciMLEngIndiaAN_Button_Click_ -->
  <system-out/>
  <testcase classname="test.CareersTabTest" name="TC_0034_clickSeniorQualityAutomationEngineer_Button_Click_" time="0.000">
    <skipped/>
  </testcase> <!-- TC_0034_clickSeniorQualityAutomationEngineer_Button_Click_ -->
  <system-out/>
  <testcase classname="test.CareersTabTest" name="TC_0035_clickSeniorQualityAutomationEngineerAN_Button_Click_" time="0.000">
    <skipped/>
  </testcase> <!-- TC_0035_clickSeniorQualityAutomationEngineerAN_Button_Click_ -->
  <system-out/>
  <testcase classname="test.CareersTabTest" name="TC_0036_clickSeniorQualityEngineerIndia_Button_Click_" time="0.000">
    <skipped/>
  </testcase> <!-- TC_0036_clickSeniorQualityEngineerIndia_Button_Click_ -->
  <system-out/>
  <testcase classname="test.CareersTabTest" name="TC_0037_clickSeniorQualityEngineerIndiaAN_Button_Click_" time="0.000">
    <skipped/>
  </testcase> <!-- TC_0037_clickSeniorQualityEngineerIndiaAN_Button_Click_ -->
  <system-out/>
  <testcase classname="test.CareersTabTest" name="Validate_Azure_Developer_India_TC_038" time="0.000">
    <skipped/>
  </testcase> <!-- Validate_Azure_Developer_India_TC_038 -->
  <system-out/>
  <testcase classname="test.CareersTabTest" name="Validate__Azure_Developer_India_ApplyNow_TC_039" time="0.000">
    <skipped/>
  </testcase> <!-- Validate__Azure_Developer_India_ApplyNow_TC_039 -->
  <system-out/>
  <testcase classname="test.CareersTabTest" name="Validate_Fluter_Developer_TC_040" time="0.000">
    <skipped/>
  </testcase> <!-- Validate_Fluter_Developer_TC_040 -->
  <system-out/>
  <testcase classname="test.CareersTabTest" name="Validate__Fluter_Developer_India_ApplyNow_TC_041" time="0.000">
    <skipped/>
  </testcase> <!-- Validate__Fluter_Developer_India_ApplyNow_TC_041 -->
  <system-out/>
  <testcase classname="test.CareersTabTest" name="Validate_Performance_Engineer_India_TC_042" time="0.000">
    <skipped/>
  </testcase> <!-- Validate_Performance_Engineer_India_TC_042 -->
  <system-out/>
  <testcase classname="test.CareersTabTest" name="Validate_Performance_Engineer_India_ApplyNow_TC_043" time="0.000">
    <skipped/>
  </testcase> <!-- Validate_Performance_Engineer_India_ApplyNow_TC_043 -->
  <system-out/>
  <testcase classname="test.CareersTabTest" name="Validate_ToscaQa_TC_044" time="0.000">
    <skipped/>
  </testcase> <!-- Validate_ToscaQa_TC_044 -->
  <system-out/>
  <testcase classname="test.CareersTabTest" name="Validate_ToscaQa_ApplyNow_TC_045" time="0.000">
    <skipped/>
  </testcase> <!-- Validate_ToscaQa_ApplyNow_TC_045 -->
  <system-out/>
  <testcase classname="test.CareersTabTest" name="Validate_QualityEngineer_TC_046" time="0.000">
    <skipped/>
  </testcase> <!-- Validate_QualityEngineer_TC_046 -->
  <system-out/>
  <testcase classname="test.CareersTabTest" name="Validate_QualityEngineer_ApplyNow_TC_047" time="0.000">
    <skipped/>
  </testcase> <!-- Validate_QualityEngineer_ApplyNow_TC_047 -->
  <system-out/>
  <testcase classname="test.CareersTabTest" name="Validate_ItProjectManager_TC_048" time="0.000">
    <skipped/>
  </testcase> <!-- Validate_ItProjectManager_TC_048 -->
  <system-out/>
  <testcase classname="test.CareersTabTest" name="Validate_ItProjectManager_ApplyNow_TC_049" time="0.000">
    <skipped/>
  </testcase> <!-- Validate_ItProjectManager_ApplyNow_TC_049 -->
  <system-out/>
  <testcase classname="test.CareersTabTest" name="Validate_SeniorQualityEngineer_TC_050" time="0.000">
    <skipped/>
  </testcase> <!-- Validate_SeniorQualityEngineer_TC_050 -->
  <system-out/>
  <testcase classname="test.CareersTabTest" name="Validate_SeniorQualityEngineer_ApplyNow_TC_051" time="0.000">
    <skipped/>
  </testcase> <!-- Validate_SeniorQualityEngineer_ApplyNow_TC_051 -->
  <system-out/>
  <testcase classname="test.CareersTabTest" name="Validate_QaLead_TC_052" time="0.000">
    <skipped/>
  </testcase> <!-- Validate_QaLead_TC_052 -->
  <system-out/>
  <testcase classname="test.CareersTabTest" name="Validate_QELead_ApplyNow_TC_053" time="0.000">
    <skipped/>
  </testcase> <!-- Validate_QELead_ApplyNow_TC_053 -->
  <system-out/>
  <testcase classname="test.CareersTabTest" name="Validate_BusinessIntelligence_TC_054" time="0.000">
    <skipped/>
  </testcase> <!-- Validate_BusinessIntelligence_TC_054 -->
  <system-out/>
  <testcase classname="test.CareersTabTest" name="Validate_BusinessIntelligence_ApplyNow_TC_055" time="0.000">
    <skipped/>
  </testcase> <!-- Validate_BusinessIntelligence_ApplyNow_TC_055 -->
  <system-out/>
  <testcase classname="test.CareersTabTest" name="Validate_SalseforceDeveloper_TC_056" time="0.000">
    <skipped/>
  </testcase> <!-- Validate_SalseforceDeveloper_TC_056 -->
  <system-out/>
  <testcase classname="test.CareersTabTest" name="Validate_SalseforceDeveloper_ApplyNow_TC_057" time="0.000">
    <skipped/>
  </testcase> <!-- Validate_SalseforceDeveloper_ApplyNow_TC_057 -->
  <system-out/>
  <testcase classname="test.CareersTabTest" name="Validate_RdbmsApplicationDesiger_TC_058" time="0.000">
    <skipped/>
  </testcase> <!-- Validate_RdbmsApplicationDesiger_TC_058 -->
  <system-out/>
  <testcase classname="test.CareersTabTest" name="Validate_RdbmsApplicationDesiger_ApplyNow_TC_059" time="0.000">
    <skipped/>
  </testcase> <!-- Validate_RdbmsApplicationDesiger_ApplyNow_TC_059 -->
  <system-out/>
</testsuite> <!-- test.CareersTabTest -->
