<?xml version="1.0" encoding="UTF-8"?>
<!-- Generated by org.testng.reporters.JUnitReportReporter -->
<testsuite hostname="PSDLAP385" failures="0" tests="1" name="test.AboutUsTabTest" time="17.800" errors="0" timestamp="2024-12-20T16:17:32 IST" skipped="0">
  <testcase classname="test.AboutUsTabTest" name="Validate_About_Us_Button_Click_TC_001" time="17.800"/>
  <system-out/>
</testsuite> <!-- test.AboutUsTabTest -->
